
Jun 17, 2023 12:57:00.266 NEW SESSION
Jun 17, 2023 12:57:00.266 [13700:16120:0617/125700.264:ERROR:chrome_browser_cloud_management_controller.cc(162)] Cloud management controller initialization aborted as CBCM is not enabled.
Jun 17, 2023 12:57:00.291 [13700:14776:0617/125700.291:ERROR:token_service_table.cc(135)] Failed to decrypt token for service AccountId-00037FFE34892472

Jun 20, 2023 12:01:11.945 NEW SESSION
Jun 20, 2023 12:01:11.945 [4640:4628:0620/120111.943:ERROR:chrome_browser_cloud_management_controller.cc(162)] Cloud management controller initialization aborted as CBCM is not enabled.
Jun 20, 2023 12:01:11.983 [4640:16248:0620/120111.982:ERROR:token_service_table.cc(135)] Failed to decrypt token for service AccountId-00037FFE34892472
Jun 20, 2023 12:01:15.125 [4640:4628:0620/120115.124:ERROR:fallback_task_provider.cc(124)] Every renderer should have at least one task provided by a primary task provider. If a "Renderer" fallback task is shown, it is a bug. If you have repro steps, please file a new bug and tag it as a dependency of crbug.com/739782.
Jun 20, 2023 12:01:15.499 [4640:4628:0620/120115.499:ERROR:fallback_task_provider.cc(124)] Every renderer should have at least one task provided by a primary task provider. If a "Renderer" fallback task is shown, it is a bug. If you have repro steps, please file a new bug and tag it as a dependency of crbug.com/739782.

Jun 20, 2023 18:36:28.640 NEW SESSION
Jun 20, 2023 18:36:28.640 [13808:14556:0620/183628.638:ERROR:chrome_browser_cloud_management_controller.cc(162)] Cloud management controller initialization aborted as CBCM is not enabled.
Jun 20, 2023 18:36:28.685 [13808:14444:0620/183628.685:ERROR:token_service_table.cc(135)] Failed to decrypt token for service AccountId-00037FFE34892472
Jun 20, 2023 18:36:32.830 [13808:14556:0620/183632.829:ERROR:fallback_task_provider.cc(124)] Every renderer should have at least one task provided by a primary task provider. If a "Renderer" fallback task is shown, it is a bug. If you have repro steps, please file a new bug and tag it as a dependency of crbug.com/739782.
Jun 20, 2023 18:36:33.656 [13808:14556:0620/183633.655:ERROR:fallback_task_provider.cc(124)] Every renderer should have at least one task provided by a primary task provider. If a "Renderer" fallback task is shown, it is a bug. If you have repro steps, please file a new bug and tag it as a dependency of crbug.com/739782.

Jun 21, 2023 08:18:37.486 NEW SESSION
Jun 21, 2023 08:18:37.487 [4504:9960:0621/081837.484:ERROR:chrome_browser_cloud_management_controller.cc(162)] Cloud management controller initialization aborted as CBCM is not enabled.
Jun 21, 2023 08:18:37.552 [4504:1640:0621/081837.552:ERROR:token_service_table.cc(135)] Failed to decrypt token for service AccountId-00037FFE34892472
Jun 21, 2023 08:18:41.209 [4504:9960:0621/081841.209:ERROR:processor_entity.cc(172)] Metadata has an exisiting server id that will be overwritten with the current update entity id.metadata server_id:  update.entity.id: bfbd00f6-92c5-432b-af14-448d0e9d22f4
Jun 21, 2023 08:18:41.872 [4504:9960:0621/081841.872:ERROR:fallback_task_provider.cc(124)] Every renderer should have at least one task provided by a primary task provider. If a "Renderer" fallback task is shown, it is a bug. If you have repro steps, please file a new bug and tag it as a dependency of crbug.com/739782.
Jun 21, 2023 08:18:42.510 [4504:9960:0621/081842.510:ERROR:fallback_task_provider.cc(124)] Every renderer should have at least one task provided by a primary task provider. If a "Renderer" fallback task is shown, it is a bug. If you have repro steps, please file a new bug and tag it as a dependency of crbug.com/739782.
Jun 21, 2023 08:22:45.170 [4504:9960:0621/082245.168:ERROR:processor_entity.cc(172)] Metadata has an exisiting server id that will be overwritten with the current update entity id.metadata server_id:  update.entity.id: b87a028b-a970-4d51-871c-55fa0740cbec

Jun 21, 2023 20:54:45.516 NEW SESSION
Jun 21, 2023 20:54:45.516 [12772:6788:0621/205445.515:ERROR:chrome_browser_cloud_management_controller.cc(162)] Cloud management controller initialization aborted as CBCM is not enabled.
Jun 21, 2023 20:54:45.550 [12772:16312:0621/205445.546:ERROR:token_service_table.cc(135)] Failed to decrypt token for service AccountId-00037FFE34892472
Jun 21, 2023 20:54:49.854 [12772:6788:0621/205449.853:ERROR:fallback_task_provider.cc(124)] Every renderer should have at least one task provided by a primary task provider. If a "Renderer" fallback task is shown, it is a bug. If you have repro steps, please file a new bug and tag it as a dependency of crbug.com/739782.
Jun 21, 2023 20:54:50.336 [12772:6788:0621/205450.336:ERROR:fallback_task_provider.cc(124)] Every renderer should have at least one task provided by a primary task provider. If a "Renderer" fallback task is shown, it is a bug. If you have repro steps, please file a new bug and tag it as a dependency of crbug.com/739782.
Jun 21, 2023 20:55:02.615 [12772:6788:0621/205502.614:ERROR:fallback_task_provider.cc(124)] Every renderer should have at least one task provided by a primary task provider. If a "Renderer" fallback task is shown, it is a bug. If you have repro steps, please file a new bug and tag it as a dependency of crbug.com/739782.
Jun 21, 2023 21:09:24.997 [12772:6788:0621/210924.996:ERROR:fallback_task_provider.cc(124)] Every renderer should have at least one task provided by a primary task provider. If a "Renderer" fallback task is shown, it is a bug. If you have repro steps, please file a new bug and tag it as a dependency of crbug.com/739782.
Jun 21, 2023 21:09:26.270 [12772:6788:0621/210926.269:ERROR:interface_endpoint_client.cc(697)] Message 0 rejected by interface blink.mojom.WidgetHost

Jun 23, 2023 07:40:04.441 NEW SESSION
Jun 23, 2023 07:40:04.441 [23748:8236:0623/074004.439:ERROR:chrome_browser_cloud_management_controller.cc(162)] Cloud management controller initialization aborted as CBCM is not enabled.
Jun 23, 2023 07:40:04.473 [23748:19232:0623/074004.473:ERROR:token_service_table.cc(135)] Failed to decrypt token for service AccountId-00037FFE34892472
Jun 23, 2023 07:40:09.870 [23748:8236:0623/074009.869:ERROR:fallback_task_provider.cc(124)] Every renderer should have at least one task provided by a primary task provider. If a "Renderer" fallback task is shown, it is a bug. If you have repro steps, please file a new bug and tag it as a dependency of crbug.com/739782.
Jun 23, 2023 07:40:10.268 [23748:8236:0623/074010.267:ERROR:fallback_task_provider.cc(124)] Every renderer should have at least one task provided by a primary task provider. If a "Renderer" fallback task is shown, it is a bug. If you have repro steps, please file a new bug and tag it as a dependency of crbug.com/739782.

Jun 24, 2023 18:52:20.951 NEW SESSION
Jun 24, 2023 18:52:20.951 [3992:20012:0624/185220.949:ERROR:chrome_browser_cloud_management_controller.cc(162)] Cloud management controller initialization aborted as CBCM is not enabled.
Jun 24, 2023 18:52:20.988 [3992:13476:0624/185220.988:ERROR:token_service_table.cc(135)] Failed to decrypt token for service AccountId-00037FFE34892472
Jun 24, 2023 18:52:28.119 [3992:20012:0624/185228.119:ERROR:fallback_task_provider.cc(124)] Every renderer should have at least one task provided by a primary task provider. If a "Renderer" fallback task is shown, it is a bug. If you have repro steps, please file a new bug and tag it as a dependency of crbug.com/739782.
Jun 24, 2023 18:52:28.651 [3992:20012:0624/185228.651:ERROR:fallback_task_provider.cc(124)] Every renderer should have at least one task provided by a primary task provider. If a "Renderer" fallback task is shown, it is a bug. If you have repro steps, please file a new bug and tag it as a dependency of crbug.com/739782.
Jun 24, 2023 18:57:22.336 [3992:20012:0624/185722.335:ERROR:fallback_task_provider.cc(124)] Every renderer should have at least one task provided by a primary task provider. If a "Renderer" fallback task is shown, it is a bug. If you have repro steps, please file a new bug and tag it as a dependency of crbug.com/739782.
Jun 24, 2023 18:57:22.449 [3992:20012:0624/185722.449:ERROR:fallback_task_provider.cc(124)] Every renderer should have at least one task provided by a primary task provider. If a "Renderer" fallback task is shown, it is a bug. If you have repro steps, please file a new bug and tag it as a dependency of crbug.com/739782.
Jun 24, 2023 19:05:14.146 [3992:20012:0624/190514.146:ERROR:fallback_task_provider.cc(124)] Every renderer should have at least one task provided by a primary task provider. If a "Renderer" fallback task is shown, it is a bug. If you have repro steps, please file a new bug and tag it as a dependency of crbug.com/739782.
